2025-09-01 14:35:43,541 [INFO] Starting Flask GitHub App Listener on port 5000 (app.py:233)
2025-09-01 14:35:43,573 [WARNING]  * Debugger is active! (_internal.py:97)
2025-09-01 14:35:43,578 [INFO]  * Debugger PIN: 108-474-762 (_internal.py:97)
2025-09-01 14:35:53,400 [INFO] Starting Flask GitHub App Listener on port 5000 (app.py:233)
2025-09-01 14:35:53,460 [INFO] [31m[1mWARNING: This is a development server. Do not use it in a production deployment. Use a production WSGI server instead.[0m
 * Running on http://127.0.0.1:5000 (_internal.py:97)
2025-09-01 14:35:53,460 [INFO] [33mPress CTRL+C to quit[0m (_internal.py:97)
2025-09-01 14:35:53,462 [INFO]  * Restarting with stat (_internal.py:97)
2025-09-01 14:35:54,004 [INFO] Starting Flask GitHub App Listener on port 5000 (app.py:233)
2025-09-01 14:35:54,034 [WARNING]  * Debugger is active! (_internal.py:97)
2025-09-01 14:35:54,039 [INFO]  * Debugger PIN: 108-474-762 (_internal.py:97)
2025-09-01 14:38:51,890 [INFO] Received push event from repo: https://github.com/Vikram2k03-vk/git-project.git (app.py:183)
2025-09-01 14:38:51,906 [INFO] Cloning repository into C:\Users\vikramar\AppData\Local\Temp\tmpzn7ldmj0 (app.py:187)
2025-09-01 14:38:52,561 [INFO] Received push event from repo: https://github.com/Vikram2k03-vk/git-project.git (app.py:183)
2025-09-01 14:38:52,564 [INFO] Cloning repository into C:\Users\vikramar\AppData\Local\Temp\tmp9jwpqu04 (app.py:187)
2025-09-01 14:38:53,890 [INFO] Checking error_file.py (app.py:196)
2025-09-01 14:38:53,893 [ERROR] Error in C:\Users\vikramar\AppData\Local\Temp\tmpzn7ldmj0\error_file.py at line 1: unterminated string literal (detected at line 1) (app.py:202)
2025-09-01 14:38:53,894 [INFO] Cleaning up C:\Users\vikramar\AppData\Local\Temp\tmpzn7ldmj0 (app.py:212)
2025-09-01 14:38:54,127 [INFO] 
----- Push Validation Summary ----- (app.py:216)
2025-09-01 14:38:54,127 [INFO] Total files checked: 1 (app.py:217)
2025-09-01 14:38:54,127 [INFO] Errors found: 1 (app.py:218)
2025-09-01 14:38:54,128 [ERROR] Push blocked due to syntax errors. (app.py:220)
2025-09-01 14:38:54,129 [INFO] 127.0.0.1 - - [01/Sep/2025 14:38:54] "POST /webhook HTTP/1.1" 200 - (_internal.py:97)
2025-09-01 14:38:54,494 [INFO] Cleaning up C:\Users\vikramar\AppData\Local\Temp\tmp9jwpqu04 (app.py:212)
2025-09-01 14:38:54,751 [INFO] 
----- Push Validation Summary ----- (app.py:216)
2025-09-01 14:38:54,751 [INFO] Total files checked: 1 (app.py:217)
2025-09-01 14:38:54,751 [INFO] Errors found: 1 (app.py:218)
2025-09-01 14:38:54,751 [ERROR] Push blocked due to syntax errors. (app.py:220)
2025-09-01 14:38:54,752 [INFO] 127.0.0.1 - - [01/Sep/2025 14:38:54] "POST /webhook HTTP/1.1" 200 - (_internal.py:97)
2025-09-01 14:39:41,867 [INFO]  * Detected change in 'C:\\Users\\vikramar\\ErrorDetection\\error_file.py', reloading (_internal.py:97)
2025-09-01 14:39:41,918 [INFO]  * Restarting with stat (_internal.py:97)
2025-09-01 14:39:42,491 [INFO] Starting Flask GitHub App Listener on port 5000 (app.py:233)
2025-09-01 14:39:42,526 [WARNING]  * Debugger is active! (_internal.py:97)
2025-09-01 14:39:42,532 [INFO]  * Debugger PIN: 108-474-762 (_internal.py:97)
2025-09-01 14:40:38,465 [INFO] Starting Flask GitHub App Listener on port 5000 (app.py:233)
2025-09-01 14:40:38,525 [INFO] [31m[1mWARNING: This is a development server. Do not use it in a production deployment. Use a production WSGI server instead.[0m
 * Running on http://127.0.0.1:5000 (_internal.py:97)
2025-09-01 14:40:38,525 [INFO] [33mPress CTRL+C to quit[0m (_internal.py:97)
2025-09-01 14:40:38,528 [INFO]  * Restarting with stat (_internal.py:97)
2025-09-01 14:40:39,297 [INFO] Starting Flask GitHub App Listener on port 5000 (app.py:233)
2025-09-01 14:40:39,325 [WARNING]  * Debugger is active! (_internal.py:97)
2025-09-01 14:40:39,331 [INFO]  * Debugger PIN: 108-474-762 (_internal.py:97)
2025-09-01 14:40:54,062 [INFO] Received push event from repo: https://github.com/Vikram2k03-vk/git-project.git (app.py:183)
2025-09-01 14:40:54,072 [INFO] Cloning repository into C:\Users\vikramar\AppData\Local\Temp\tmp8wmul_nv (app.py:187)
2025-09-01 14:40:54,814 [INFO] Received push event from repo: https://github.com/Vikram2k03-vk/git-project.git (app.py:183)
2025-09-01 14:40:54,816 [INFO] Cloning repository into C:\Users\vikramar\AppData\Local\Temp\tmpcnznoqjt (app.py:187)
2025-09-01 14:40:56,118 [INFO] Checking error_file.py (app.py:196)
2025-09-01 14:40:56,122 [ERROR] Error in C:\Users\vikramar\AppData\Local\Temp\tmp8wmul_nv\error_file.py at line 1: '(' was never closed (app.py:202)
2025-09-01 14:40:56,123 [INFO] Cleaning up C:\Users\vikramar\AppData\Local\Temp\tmp8wmul_nv (app.py:212)
2025-09-01 14:40:56,358 [INFO] 
----- Push Validation Summary ----- (app.py:216)
2025-09-01 14:40:56,359 [INFO] Total files checked: 1 (app.py:217)
2025-09-01 14:40:56,359 [INFO] Errors found: 1 (app.py:218)
2025-09-01 14:40:56,359 [ERROR] Push blocked due to syntax errors. (app.py:220)
2025-09-01 14:40:56,359 [INFO] 127.0.0.1 - - [01/Sep/2025 14:40:56] "POST /webhook HTTP/1.1" 200 - (_internal.py:97)
2025-09-01 14:40:56,781 [INFO] Cleaning up C:\Users\vikramar\AppData\Local\Temp\tmpcnznoqjt (app.py:212)
2025-09-01 14:40:57,012 [INFO] 
----- Push Validation Summary ----- (app.py:216)
2025-09-01 14:40:57,013 [INFO] Total files checked: 1 (app.py:217)
2025-09-01 14:40:57,013 [INFO] Errors found: 1 (app.py:218)
2025-09-01 14:40:57,013 [ERROR] Push blocked due to syntax errors. (app.py:220)
2025-09-01 14:40:57,014 [INFO] 127.0.0.1 - - [01/Sep/2025 14:40:57] "POST /webhook HTTP/1.1" 200 - (_internal.py:97)
2025-09-01 15:02:21,482 [INFO]  * Detected change in 'C:\\Users\\vikramar\\ErrorDetection\\app.py', reloading (_internal.py:97)
2025-09-01 15:02:21,520 [INFO]  * Restarting with stat (_internal.py:97)
2025-09-01 15:03:51,491 [INFO]  * Restarting with stat (_internal.py:97)
2025-09-01 15:09:26,385 [INFO]  * Restarting with stat (_internal.py:97)
